<?xml version="1.0" encoding="UTF-8"?>
<coverage generated="1621402196866" clover="3.2.0">
  <project timestamp="1621402196866" name="All files">
    <metrics statements="6" coveredstatements="6" conditionals="7" coveredconditionals="7" methods="1" coveredmethods="1" elements="14" coveredelements="14" complexity="0" loc="6" ncloc="6" packages="1" files="1" classes="1"/>
    <file name="index.tsx" path="/Users/sanghyeokhong/Documents/react-native-clear-cache/src/index.tsx">
      <metrics statements="6" coveredstatements="6" conditionals="7" coveredconditionals="7" methods="1" coveredmethods="1"/>
      <line num="8" count="1" type="stmt"/>
      <line num="13" count="16" type="cond" truecount="2" falsecount="0"/>
      <line num="15" count="15" type="stmt"/>
      <line num="16" count="15" type="stmt"/>
      <line num="17" count="15" type="cond" truecount="4" falsecount="0"/>
      <line num="19" count="15" type="stmt"/>
    </file>
  </project>
</coverage>
