{"/home/flynn/dev/react-native-clear-cache/src/index.tsx": {"path":"/home/flynn/dev/react-native-clear-cache/src/index.tsx","statementMap":{"0":{"start":{"line":8,"column":23},"end":{"line":8,"column":36}},"1":{"start":{"line":13,"column":2},"end":{"line":13,"column":42}},"2":{"start":{"line":13,"column":19},"end":{"line":13,"column":42}},"3":{"start":{"line":15,"column":14},"end":{"line":15,"column":71}},"4":{"start":{"line":16,"column":12},"end":{"line":16,"column":55}},"5":{"start":{"line":17,"column":12},"end":{"line":17,"column":55}},"6":{"start":{"line":19,"column":2},"end":{"line":19,"column":74}}},"fnMap":{"0":{"name":"formatFileSize","decl":{"start":{"line":12,"column":16},"end":{"line":12,"column":30}},"loc":{"start":{"line":12,"column":74},"end":{"line":20,"column":1}},"line":12}},"branchMap":{"0":{"loc":{"start":{"line":12,"column":45},"end":{"line":12,"column":64}},"type":"default-arg","locations":[{"start":{"line":12,"column":63},"end":{"line":12,"column":64}}],"line":12},"1":{"loc":{"start":{"line":13,"column":2},"end":{"line":13,"column":42}},"type":"if","locations":[{"start":{"line":13,"column":2},"end":{"line":13,"column":42}},{"start":{"line":13,"column":2},"end":{"line":13,"column":42}}],"line":13},"2":{"loc":{"start":{"line":17,"column":12},"end":{"line":17,"column":55}},"type":"cond-expr","locations":[{"start":{"line":17,"column":26},"end":{"line":17,"column":27}},{"start":{"line":17,"column":30},"end":{"line":17,"column":55}}],"line":17},"3":{"loc":{"start":{"line":17,"column":30},"end":{"line":17,"column":55}},"type":"cond-expr","locations":[{"start":{"line":17,"column":44},"end":{"line":17,"column":45}},{"start":{"line":17,"column":48},"end":{"line":17,"column":55}}],"line":17}},"s":{"0":1,"1":16,"2":1,"3":15,"4":15,"5":15,"6":15},"f":{"0":16},"b":{"0":[10],"1":[1,15],"2":[1,14],"3":[1,13]},"_coverageSchema":"1a1c01bbd47fc00a2c39e90264f33305004495a9","hash":"192f5b1c5201d948a6f39201cd1afd77bd2b614b"}
}
